*** Using Compiler 'V5.06 update 7 (build 960)', folder: 'D:\Program Files\Arm\Keil_v5\ARM\ARMCC\Bin'
Rebuild target 'HWT9052_485'
assembling startup_stm32f407xx.s...
compiling stm32f4xx_hal_tim.c...
compiling gpio.c...
compiling main.c...
../Core/Src/main.c(91): error:  #29: expected an expression
    HAL_UART_Receive_IT(&huart1,)
../Core/Src/main.c(91): error:  #165: too few arguments in function call
    HAL_UART_Receive_IT(&huart1,)
../Core/Src/main.c(97): error:  #65: expected a ";"
    while (1)
../Core/Src/main.c(104): warning:  #12-D: parsing restarts here after previous syntax error
  }
../Core/Src/main.c: 1 warning, 3 errors
compiling stm32f4xx_hal_tim_ex.c...
compiling stm32f4xx_hal_flash_ex.c...
compiling stm32f4xx_hal_flash_ramfunc.c...
compiling stm32f4xx_hal_msp.c...
compiling stm32f4xx_hal_dma_ex.c...
compiling stm32f4xx_it.c...
compiling usart.c...
compiling stm32f4xx_hal_rcc.c...
compiling stm32f4xx_hal_rcc_ex.c...
compiling stm32f4xx_hal_gpio.c...
compiling stm32f4xx_hal_flash.c...
compiling stm32f4xx_hal_uart.c...
compiling system_stm32f4xx.c...
compiling HWT9052_485.c...
..\applications\Src\HWT9052_485.c(81): warning:  #223-D: function "USART_ITConfig" declared implicitly
    USART_ITConfig(USART2, USART_IT_TXE, ENABLE);  
..\applications\Src\HWT9052_485.c(81): error:  #20: identifier "USART_IT_TXE" is undefined
    USART_ITConfig(USART2, USART_IT_TXE, ENABLE);  
..\applications\Src\HWT9052_485.c(92): warning:  #1-D: last line of file ends without a newline
  }
..\applications\Src\HWT9052_485.c(16): warning:  #550-D: variable "TxBuffer"  was set but never used
  static uint8_t TxBuffer[256];
..\applications\Src\HWT9052_485.c(17): warning:  #177-D: variable "TxCounter"  was declared but never referenced
  static uint8_t TxCounter=0;
..\applications\Src\HWT9052_485.c: 4 warnings, 1 error
compiling stm32f4xx_hal_cortex.c...
compiling bsp_delay.c...
compiling stm32f4xx_hal_dma.c...
compiling stm32f4xx_hal_pwr_ex.c...
compiling stm32f4xx_hal.c...
compiling stm32f4xx_hal_pwr.c...
compiling stm32f4xx_hal_exti.c...
"HWT9052_485\HWT9052_485.axf" - 4 Error(s), 5 Warning(s).
Target not created.
Build Time Elapsed:  00:00:16
