<html>
<body>
<pre>
<h1>µVision Build Log</h1>
<h2>Tool Versions:</h2>
IDE-Version: ¦ÌVision V5.37.0.0
Copyright (C) 2022 ARM Ltd and ARM Germany GmbH. All rights reserved.
License Information: 1 nx, 1, LIC=IK1BF-6Q5QH-63JMB-2LCHF-9WMZ0-972NK
 
Tool Versions:
Toolchain:       MDK-ARM Plus  Version: 5.37.0.0
Toolchain Path:  D:\Program Files\ARM Keil\Keil_v5\ARM\AC5\Bin
C Compiler:      Armcc.exe V5.06 update 7 (build 960)
Assembler:       Armasm.exe V5.06 update 7 (build 960)
Linker/Locator:  ArmLink.exe V5.06 update 7 (build 960)
Library Manager: ArmAr.exe V5.06 update 7 (build 960)
Hex Converter:   FromElf.exe V5.06 update 7 (build 960)
CPU DLL:         SARMCM3.DLL V5.37.0.0
Dialog DLL:      DCM.DLL V1.17.5.0
Target DLL:      STLink\ST-LINKIII-KEIL_SWO.dll V3.0.9.0
Dialog DLL:      TCM.DLL V1.56.1.0
 
<h2>Project:</h2>
D:\Source\stm32project\RTOS_M3508_Task\MDK-ARM\RTOS_M3508_Task.uvprojx
Project File Date:  02/28/2023

<h2>Output:</h2>
*** Using Compiler 'V5.06 update 7 (build 960)', folder: 'D:\Program Files\ARM Keil\Keil_v5\ARM\AC5\Bin'
Rebuild target 'RTOS_M3508_Task'
assembling startup_stm32f407xx.s...
compiling stm32f4xx_hal_timebase_tim.c...
compiling stm32f4xx_hal_can.c...
compiling can.c...
compiling stm32f4xx_hal_rcc.c...
compiling usart.c...
compiling gpio.c...
compiling main.c...
compiling freertos.c...
compiling dma.c...
compiling stm32f4xx_hal_msp.c...
compiling stm32f4xx_it.c...
compiling stm32f4xx_hal_gpio.c...
compiling stm32f4xx_hal_dma.c...
compiling stm32f4xx_hal_flash.c...
compiling stm32f4xx_hal_flash_ex.c...
compiling stm32f4xx_hal_pwr.c...
compiling stm32f4xx_hal_flash_ramfunc.c...
compiling stm32f4xx_hal_pwr_ex.c...
compiling stm32f4xx_hal_cortex.c...
compiling stm32f4xx_hal_rcc_ex.c...
compiling stm32f4xx_hal_dma_ex.c...
compiling stm32f4xx_hal.c...
compiling croutine.c...
compiling list.c...
compiling event_groups.c...
compiling queue.c...
compiling timers.c...
compiling stream_buffer.c...
compiling heap_4.c...
compiling tasks.c...
compiling cmsis_os.c...
compiling port.c...
compiling detect_task.c...
compiling pid.c...
compiling stm32f4xx_hal_exti.c...
compiling stm32f4xx_hal_tim_ex.c...
compiling system_stm32f4xx.c...
compiling pid_user.c...
..\application\Inc\chassis_task.h(17): error:  #20: identifier "motor_measure_t" is undefined
  static void chassis_feedback_update(motor_measure_t *chassis_move_update);
..\application\Inc\chassis_task.h(18): error:  #20: identifier "motor_measure_t" is undefined
  static void chassis_set_contorl(motor_measure_t *chassis_move_control);
..\application\Src\pid_user.c: 0 warnings, 2 errors
compiling can_receive.c...
..\application\Inc\chassis_task.h(17): error:  #20: identifier "motor_measure_t" is undefined
  static void chassis_feedback_update(motor_measure_t *chassis_move_update);
..\application\Inc\chassis_task.h(18): error:  #20: identifier "motor_measure_t" is undefined
  static void chassis_set_contorl(motor_measure_t *chassis_move_control);
..\application\Src\can_receive.c: 0 warnings, 2 errors
compiling chassis_task.c...
compiling bsp_delay.c...
compiling remote_control.c...
compiling stm32f4xx_hal_uart.c...
compiling stm32f4xx_hal_tim.c...
compiling bsp_rc.c...
"RTOS_M3508_Task\RTOS_M3508_Task.axf" - 4 Error(s), 0 Warning(s).

<h2>Software Packages used:</h2>

Package Vendor: ARM
                http://www.keil.com/pack/ARM.CMSIS.5.9.0.pack
                ARM.CMSIS.5.9.0
                CMSIS (Common Microcontroller Software Interface Standard)
   * Component: CORE Version: 5.6.0

Package Vendor: Keil
                http://www.keil.com/pack/Keil.STM32F4xx_DFP.2.16.0.pack
                Keil.STM32F4xx_DFP.2.16.0
                STMicroelectronics STM32F4 Series Device Support, Drivers and Examples

<h2>Collection of Component include folders:</h2>
  ./RTE/_RTOS_M3508_Task
  D:/Program Files/ARM Keil/Packs/ARM/CMSIS/5.9.0/CMSIS/Core/Include
  D:/Program Files/ARM Keil/Packs/Keil/STM32F4xx_DFP/2.16.0/Drivers/CMSIS/Device/ST/STM32F4xx/Include

<h2>Collection of Component Files used:</h2>

   * Component: ARM::CMSIS:CORE:5.6.0
      Include file:  CMSIS/Core/Include/tz_context.h
Target not created.
Build Time Elapsed:  00:00:14
</pre>
</body>
</html>
